<?xml version="1.0" encoding="UTF-8"?>
<!-- Generated by org.testng.reporters.JUnitReportReporter -->
<testsuite hostname="Mary" failures="0" tests="1" name="Airline.Project_Two.Airline_Testcase_5" time="30.856" errors="0" timestamp="2024-04-11T18:18:34 IST" skipped="0">
  <testcase classname="Airline.Project_Two.Airline_Testcase_5" name="round_trip_flight" time="30.856">
    <system-out>
      <![CDATA[Testcase started
Selected round trip
From place is selected
To place is selected
Departure and return dates are selected
Searched for round trip flight
Testcase passed]]>
    </system-out>
  </testcase> <!-- round_trip_flight -->
  <system-out>
    <![CDATA[Suite start
Testcase started
Selected round trip
From place is selected
To place is selected
Departure and return dates are selected
Searched for round trip flight
Testcase passed]]>
  </system-out>
</testsuite> <!-- Airline.Project_Two.Airline_Testcase_5 -->
