<?xml version="1.0" encoding="UTF-8"?>
<!-- Generated by org.testng.reporters.JUnitReportReporter -->
<testsuite hostname="Mary" failures="0" tests="1" name="Airline.Project_Two.Airline_Testcase_2" time="12.278" errors="0" timestamp="2024-04-11T18:13:41 IST" skipped="0">
  <testcase classname="Airline.Project_Two.Airline_Testcase_2" name="login_with_right_details" time="12.278">
    <system-out>
      <![CDATA[Testcase started
Airline page has opened
Successfully logged into application
Testcase passed]]>
    </system-out>
  </testcase> <!-- login_with_right_details -->
  <system-out>
    <![CDATA[Suite start
Testcase started
Airline page has opened
Successfully logged into application
Testcase passed]]>
  </system-out>
</testsuite> <!-- Airline.Project_Two.Airline_Testcase_2 -->
