<?xml version="1.0" encoding="UTF-8"?>
<!-- Generated by org.testng.reporters.JUnitReportReporter -->
<testsuite hostname="Mary" failures="0" tests="1" name="Airline.Project_Two.Airline_Testcase_10" time="16.735" errors="0" timestamp="2024-04-11T18:43:50 IST" skipped="0">
  <testcase classname="Airline.Project_Two.Airline_Testcase_10" name="check_flight_information" time="16.735">
    <system-out>
      <![CDATA[Testcase started
Selected multi-city trip
To place is selected for multi-city(first city)
Selected departure date for first city
Economy class is selected
To place is selected for multi-city(second city)
Selected departure date for second city
Flight is searched
Clicked on flight details options and checked flight information
Checked flight fare details link
Checked flight baggage rules link
Checked cancellation rules link
Checked flight cancellation rules link
Testcase passed]]>
    </system-out>
  </testcase> <!-- check_flight_information -->
  <system-out>
    <![CDATA[Suite start
Testcase started
Selected multi-city trip
To place is selected for multi-city(first city)
Selected departure date for first city
Economy class is selected
To place is selected for multi-city(second city)
Selected departure date for second city
Flight is searched
Clicked on flight details options and checked flight information
Checked flight fare details link
Checked flight baggage rules link
Checked cancellation rules link
Checked flight cancellation rules link
Testcase passed]]>
  </system-out>
</testsuite> <!-- Airline.Project_Two.Airline_Testcase_10 -->
