<?xml version="1.0" encoding="UTF-8"?>
<!-- Generated by org.testng.reporters.JUnitReportReporter -->
<testsuite hostname="Mary" failures="0" tests="1" name="Airline.Project_Two.Airline_Testcase_11" time="23.837" errors="0" timestamp="2024-04-11T18:45:19 IST" skipped="0">
  <testcase classname="Airline.Project_Two.Airline_Testcase_11" name="check_text_fields" time="23.837">
    <system-out>
      <![CDATA[Testcase started
Selected multi-city trip
To place is selected for multi-city(first city)
Selected departure date for first city
Economy class is selected
To place is selected for multi-city(second city)
Selected departure date for second city
Flight is searched
clicked on book flight
Able to enter pincode
Able to select state
Able to enter first and last name
Able to enter email id
Able to enter phone number
Able to enter promo code
Able to perform actions on all the fields
Testcase passed]]>
    </system-out>
  </testcase> <!-- check_text_fields -->
  <system-out>
    <![CDATA[Suite start
Testcase started
Selected multi-city trip
To place is selected for multi-city(first city)
Selected departure date for first city
Economy class is selected
To place is selected for multi-city(second city)
Selected departure date for second city
Flight is searched
clicked on book flight
Able to enter pincode
Able to select state
Able to enter first and last name
Able to enter email id
Able to enter phone number
Able to enter promo code
Able to perform actions on all the fields
Testcase passed]]>
  </system-out>
</testsuite> <!-- Airline.Project_Two.Airline_Testcase_11 -->
