<?xml version="1.0" encoding="UTF-8"?>
<!-- Generated by org.testng.reporters.JUnitReportReporter -->
<testsuite hostname="Mary" failures="0" tests="1" name="Airline.Project_Two.Airline_Testcase_8" time="26.708" errors="0" timestamp="2024-04-11T18:38:22 IST" skipped="0">
  <testcase classname="Airline.Project_Two.Airline_Testcase_8" name="check_seat_selection" time="26.708">
    <system-out>
      <![CDATA[Testcase started
Selected multi-city trip
To place is selected for multi-city(first city)
Selected departure date for first city
Economy class is selected
To place is selected for multi-city(second city)
Selected departure date for second city
Flight is searched
clicked on book flight
Entered pincode
Selected state
Entered first and last name
Entered email id
Entered phone number
clicked on proceed button
Seat is selected
Testcase passed]]>
    </system-out>
  </testcase> <!-- check_seat_selection -->
  <system-out>
    <![CDATA[Suite start
Testcase started
Selected multi-city trip
To place is selected for multi-city(first city)
Selected departure date for first city
Economy class is selected
To place is selected for multi-city(second city)
Selected departure date for second city
Flight is searched
clicked on book flight
Entered pincode
Selected state
Entered first and last name
Entered email id
Entered phone number
clicked on proceed button
Seat is selected
Testcase passed]]>
  </system-out>
</testsuite> <!-- Airline.Project_Two.Airline_Testcase_8 -->
