<?xml version="1.0" encoding="UTF-8"?>
<!-- Generated by org.testng.reporters.JUnitReportReporter -->
<testsuite hostname="Mary" failures="0" tests="1" name="Airline.Project_Two.Airline_Testcase_13" time="18.317" errors="0" timestamp="2024-04-11T18:50:31 IST" skipped="0">
  <testcase classname="Airline.Project_Two.Airline_Testcase_13" name="apply_coupon_code" time="18.317">
    <system-out>
      <![CDATA[Testcase started
Selected multi-city trip
To place is selected for multi-city(first city)
Selected departure date for first city
Economy class is selected
To place is selected for multi-city(second city)
Selected departure date for second city
Flight is searched
clicked on book flight
Able to apply coupon code
Testcase passed]]>
    </system-out>
  </testcase> <!-- apply_coupon_code -->
  <system-out>
    <![CDATA[Suite start
Testcase started
Selected multi-city trip
To place is selected for multi-city(first city)
Selected departure date for first city
Economy class is selected
To place is selected for multi-city(second city)
Selected departure date for second city
Flight is searched
clicked on book flight
Able to apply coupon code
Testcase passed]]>
  </system-out>
</testsuite> <!-- Airline.Project_Two.Airline_Testcase_13 -->
