<?xml version="1.0" encoding="UTF-8"?>
<!-- Generated by org.testng.reporters.JUnitReportReporter -->
<testsuite hostname="Mary" failures="0" tests="1" name="Airline.Project_Two.Airline_Testcase_7" time="16.922" errors="0" timestamp="2024-04-11T18:27:35 IST" skipped="0">
  <testcase classname="Airline.Project_Two.Airline_Testcase_7" name="multi_city" time="16.922">
    <system-out>
      <![CDATA[Testcase started
Selected multi-city trip
To place is selected for multi-city(first city)
Selected departure date for first city
Economy class is selected
To place is selected for multi-city(second city)
Selected departure date for second city
Searched for multi-city flight
Testcase passed]]>
    </system-out>
  </testcase> <!-- multi_city -->
  <system-out>
    <![CDATA[Suite start
Testcase started
Selected multi-city trip
To place is selected for multi-city(first city)
Selected departure date for first city
Economy class is selected
To place is selected for multi-city(second city)
Selected departure date for second city
Searched for multi-city flight
Testcase passed]]>
  </system-out>
</testsuite> <!-- Airline.Project_Two.Airline_Testcase_7 -->
