<?xml version="1.0" encoding="UTF-8"?>
<!-- Generated by org.testng.reporters.JUnitReportReporter -->
<testsuite hostname="Mary" failures="0" tests="1" name="Airline.Project_Two.Airline_Testcase_14" time="23.580" errors="0" timestamp="2024-04-11T18:51:52 IST" skipped="0">
  <testcase classname="Airline.Project_Two.Airline_Testcase_14" name="domestic_round_trip" time="23.580">
    <system-out>
      <![CDATA[Testcase started
Selected round trip
From place is selected
To place is selected
Departure and return dates are selected
Searched for domestic round trip flight
Testcase passed]]>
    </system-out>
  </testcase> <!-- domestic_round_trip -->
  <system-out>
    <![CDATA[Suite start
Testcase started
Selected round trip
From place is selected
To place is selected
Departure and return dates are selected
Searched for domestic round trip flight
Testcase passed]]>
  </system-out>
</testsuite> <!-- Airline.Project_Two.Airline_Testcase_14 -->
