<?xml version="1.0" encoding="UTF-8"?>
<!-- Generated by org.testng.reporters.JUnitReportReporter -->
<testsuite hostname="Mary" failures="0" tests="1" name="Airline.Project_Two.Airline_Testcase_12" time="31.771" errors="0" timestamp="2024-04-11T18:48:55 IST" skipped="0">
  <testcase classname="Airline.Project_Two.Airline_Testcase_12" name="login_search_logout" time="31.771">
    <system-out>
      <![CDATA[Testcase started
Airline page has opened
Successfully logged in
Selected multi-city trip
To place is selected for multi-city(first city)
Selected departure date for first city
Economy class is selected
To place is selected for multi-city(second city)
Selected departure date for second city
Flight is searched
Logged out of application
Testcase passed]]>
    </system-out>
  </testcase> <!-- login_search_logout -->
  <system-out>
    <![CDATA[Suite start
Testcase started
Airline page has opened
Successfully logged in
Selected multi-city trip
To place is selected for multi-city(first city)
Selected departure date for first city
Economy class is selected
To place is selected for multi-city(second city)
Selected departure date for second city
Flight is searched
Logged out of application
Testcase passed]]>
  </system-out>
</testsuite> <!-- Airline.Project_Two.Airline_Testcase_12 -->
