<?xml version="1.0" encoding="UTF-8"?>
<!-- Generated by org.testng.reporters.JUnitReportReporter -->
<testsuite hostname="Mary" failures="0" tests="1" name="Airline.Project_Two.Airline_Testcase_4" time="24.835" errors="0" timestamp="2024-04-11T18:17:23 IST" skipped="0">
  <testcase classname="Airline.Project_Two.Airline_Testcase_4" name="one_way_flight" time="24.835">
    <system-out>
      <![CDATA[Testcase started
From place is selected
To place is selected
Date is selected
Searched for one way flight
Testcase passed]]>
    </system-out>
  </testcase> <!-- one_way_flight -->
  <system-out>
    <![CDATA[Suite start
Testcase started
From place is selected
To place is selected
Date is selected
Searched for one way flight
Testcase passed]]>
  </system-out>
</testsuite> <!-- Airline.Project_Two.Airline_Testcase_4 -->
