<?xml version="1.0" encoding="UTF-8"?>
<!-- Generated by org.testng.reporters.JUnitReportReporter -->
<testsuite hostname="Mary" failures="0" tests="1" name="Airline.Project_Two.Airline_Testcase_9" time="24.210" errors="0" timestamp="2024-04-11T18:42:50 IST" skipped="0">
  <testcase classname="Airline.Project_Two.Airline_Testcase_9" name="select_multiple_passenger" time="24.210">
    <system-out>
      <![CDATA[Testcase started
Selected multi-city trip
To place is selected for multi-city(first city)
Selected departure date for first city
Multiple passengers selected
To place is selected for multi-city(second city)
Selected departure date for second city
Flight is searched
Clicked on book flight
Multiple passengers selected
Testcase passed]]>
    </system-out>
  </testcase> <!-- select_multiple_passenger -->
  <system-out>
    <![CDATA[Suite start
Testcase started
Selected multi-city trip
To place is selected for multi-city(first city)
Selected departure date for first city
Multiple passengers selected
To place is selected for multi-city(second city)
Selected departure date for second city
Flight is searched
Clicked on book flight
Multiple passengers selected
Testcase passed]]>
  </system-out>
</testsuite> <!-- Airline.Project_Two.Airline_Testcase_9 -->
